Using pre-set license

 COMMAND LINE ARGUMENTS:
/Applications/Unity/Hub/Editor/2020.3.13f1/Unity.app/Contents/MacOS/Unity
-adb2
-batchMode
-noUpm
-name
AssetImportWorker0
-projectPath
/Users/jessicahammer/Documents/GitHub/PrimerUnity/PrimerTools
-logFile
Logs/AssetImportWorker0.log
-srvPort
61743
Successfully changed project path to: /Users/jessicahammer/Documents/GitHub/PrimerUnity/PrimerTools
/Users/jessicahammer/Documents/GitHub/PrimerUnity/PrimerTools
Using Asset Import Pipeline V2.
Refreshing native plugins compatible for Editor in 35.29 ms, found 4 plugins.
Preloading 0 native plugins for Editor in 0.00 ms.
Initialize engine version: 2020.3.13f1 (71691879b7f5)
[Subsystems] Discovering subsystems at path /Applications/Unity/Hub/Editor/2020.3.13f1/Unity.app/Contents/Resources/UnitySubsystems
[Subsystems] Discovering subsystems at path /Users/jessicahammer/Documents/GitHub/PrimerUnity/PrimerTools/Assets
GfxDevice: creating device client; threaded=0
2021-11-12 13:11:59.942 Unity[29705:1759490] (null) preferred device: Apple M1 (high power)
2021-11-12 13:11:59.942 Unity[29705:1759490] Metal devices available: 1
2021-11-12 13:11:59.942 Unity[29705:1759490] 0: Apple M1 (high power)
2021-11-12 13:11:59.943 Unity[29705:1759490] Using device Apple M1 (high power)
Initializing Metal device caps: Apple M1
Initialize mono
Mono path[0] = '/Applications/Unity/Hub/Editor/2020.3.13f1/Unity.app/Contents/Managed'
Mono path[1] = '/Applications/Unity/Hub/Editor/2020.3.13f1/Unity.app/Contents/MonoBleedingEdge/lib/mono/unityjit'
Mono config path = '/Applications/Unity/Hub/Editor/2020.3.13f1/Unity.app/Contents/MonoBleedingEdge/etc'
Using monoOptions --debugger-agent=transport=dt_socket,embedding=1,server=y,suspend=n,address=127.0.0.1:56705
Begin MonoManager ReloadAssembly
Registering precompiled unity dll's ...
Register platform support module: /Applications/Unity/Hub/Editor/2020.3.13f1/Unity.app/Contents/PlaybackEngines/MacStandaloneSupport/UnityEditor.OSXStandalone.Extensions.dll
Registered in 0.001111 seconds.
Native extension for OSXStandalone target not found
Refreshing native plugins compatible for Editor in 29.16 ms, found 4 plugins.
Preloading 0 native plugins for Editor in 0.00 ms.
Mono: successfully reloaded assembly
- Completed reload, in  1.974 seconds
Platform modules already initialized, skipping
Registering precompiled user dll's ...
Registered in 0.004064 seconds.
Begin MonoManager ReloadAssembly
Native extension for OSXStandalone target not found
Refreshing native plugins compatible for Editor in 0.32 ms, found 4 plugins.
Preloading 0 native plugins for Editor in 0.00 ms.
Mono: successfully reloaded assembly
- Completed reload, in  2.013 seconds
Platform modules already initialized, skipping
========================================================================
Worker process is ready to serve import requests
Launching external process: /Applications/Unity/Hub/Editor/2020.3.13f1/Unity.app/Contents/Tools/UnityShaderCompiler
Launched and connected shader compiler UnityShaderCompiler after 0.02 seconds
Refreshing native plugins compatible for Editor in 0.31 ms, found 4 plugins.
Preloading 0 native plugins for Editor in 0.00 ms.
Unloading 1565 Unused Serialized files (Serialized files now loaded: 0)
System memory in use before: 145.6 MB.
System memory in use after: 145.7 MB.

Unloading 25 unused Assets to reduce memory usage. Loaded Objects now: 1993.
Total: 1.323958 ms (FindLiveObjects: 0.098709 ms CreateObjectMapping: 0.029166 ms MarkObjects: 1.127584 ms  DeleteObjects: 0.067958 ms)

AssetImportParameters requested are different than current active one (requested -> active):
  custom:video-decoder-ogg-theora: a1e56fd34408186e4bbccfd4996cb3dc -> 
  custom:container-muxer-webm: aa71ff27fc2769a1b78a27578f13a17b -> 
  custom:container-demuxer-webm: 4f35f7cbe854078d1ac9338744f61a02 -> 
  custom:container-demuxer-ogg: 62fdf1f143b41e24485cea50d1cbac27 -> 
  custom:video-encoder-webm-vp8: eb34c28f22e8b96e1ab97ce403110664 -> 
  custom:framework-osx-AVFoundation: e770b220cccbd017edd2c1fefb359320 -> 
  custom:video-decoder-webm-vp8: 9c59270c3fd7afecdb556c50c9e8de78 -> 
  custom:audio-decoder-ogg-vorbis: bf7c407c2cedff20999df2af8eb42d56 -> 
  custom:audio-encoder-webm-vorbis: bf7c407c2cedff20999df2af8eb42d56 -> 
========================================================================
Received Import Request.
  path: Assets/Scenes/SampleDirectedScene.unity
  artifactKey: Guid(0945328761e3fc049a466c1867ae4f89) Importer(815301076,1909f56bfc062723c751e8b465ee728b)
Start importing Assets/Scenes/SampleDirectedScene.unity using Guid(0945328761e3fc049a466c1867ae4f89) Importer(815301076,1909f56bfc062723c751e8b465ee728b)  -> (artifact id: '47d8aa1499da8453d0ae69611218da57') in 0.013347 seconds 
  Import took 0.015242 seconds .

========================================================================
Received Prepare
Registering precompiled user dll's ...
Registered in 0.003562 seconds.
Begin MonoManager ReloadAssembly
Native extension for OSXStandalone target not found
Refreshing native plugins compatible for Editor in 0.32 ms, found 4 plugins.
Preloading 0 native plugins for Editor in 0.00 ms.
Mono: successfully reloaded assembly
- Completed reload, in  1.769 seconds
Platform modules already initialized, skipping
Refreshing native plugins compatible for Editor in 0.31 ms, found 4 plugins.
Preloading 0 native plugins for Editor in 0.00 ms.
Unloading 1538 Unused Serialized files (Serialized files now loaded: 0)
System memory in use before: 143.5 MB.
System memory in use after: 143.6 MB.

Unloading 20 unused Assets to reduce memory usage. Loaded Objects now: 1996.
Total: 1.212333 ms (FindLiveObjects: 0.082500 ms CreateObjectMapping: 0.028625 ms MarkObjects: 1.080084 ms  DeleteObjects: 0.020333 ms)

AssetImportParameters requested are different than current active one (requested -> active):
  custom:video-decoder-ogg-theora: a1e56fd34408186e4bbccfd4996cb3dc -> 
  custom:container-muxer-webm: aa71ff27fc2769a1b78a27578f13a17b -> 
  custom:container-demuxer-webm: 4f35f7cbe854078d1ac9338744f61a02 -> 
  custom:container-demuxer-ogg: 62fdf1f143b41e24485cea50d1cbac27 -> 
  custom:video-encoder-webm-vp8: eb34c28f22e8b96e1ab97ce403110664 -> 
  custom:framework-osx-AVFoundation: e770b220cccbd017edd2c1fefb359320 -> 
  custom:video-decoder-webm-vp8: 9c59270c3fd7afecdb556c50c9e8de78 -> 
  custom:audio-decoder-ogg-vorbis: bf7c407c2cedff20999df2af8eb42d56 -> 
  custom:audio-encoder-webm-vorbis: bf7c407c2cedff20999df2af8eb42d56 -> 
========================================================================
Received Import Request.
  Time since last request: 55.620099 seconds.
  path: Assets/Scenes/SampleGraphScene.unity
  artifactKey: Guid(264eed5a752473d46a2df5b32dc9624c) Importer(815301076,1909f56bfc062723c751e8b465ee728b)
Start importing Assets/Scenes/SampleGraphScene.unity using Guid(264eed5a752473d46a2df5b32dc9624c) Importer(815301076,1909f56bfc062723c751e8b465ee728b)  -> (artifact id: 'cbfd639d59fc756b434c3d0143bae347') in 0.012445 seconds 
  Import took 0.014031 seconds .

========================================================================
Received Import Request.
  Time since last request: 151.729311 seconds.
  path: Assets/Primer Tools/Director/Materials/DiffuseBlack.mat
  artifactKey: Guid(3e5078c90b4ded845b71b0f1f02f2337) Importer(815301076,1909f56bfc062723c751e8b465ee728b)
Start importing Assets/Primer Tools/Director/Materials/DiffuseBlack.mat using Guid(3e5078c90b4ded845b71b0f1f02f2337) Importer(815301076,1909f56bfc062723c751e8b465ee728b)  -> (artifact id: 'e0b8e47c96a7433dae3b6cf01c45d4d5') in 0.876629 seconds 
  Import took 0.879855 seconds .

========================================================================
Received Import Request.
  Time since last request: 0.000324 seconds.
  path: Assets/Primer Tools/Director/Materials/DiffuseBlue.mat
  artifactKey: Guid(395b0f99b9f179244b900f28edf1cd67) Importer(815301076,1909f56bfc062723c751e8b465ee728b)
Start importing Assets/Primer Tools/Director/Materials/DiffuseBlue.mat using Guid(395b0f99b9f179244b900f28edf1cd67) Importer(815301076,1909f56bfc062723c751e8b465ee728b)  -> (artifact id: '1cf87c6322f19899cfed35ebec46df46') in 0.011764 seconds 
  Import took 0.013495 seconds .

========================================================================
Received Import Request.
  Time since last request: 0.871653 seconds.
  path: Assets/Primer Tools/Director/Prefabs/arrow.prefab
  artifactKey: Guid(536d865eddf8d50478e006f02b5285e3) Importer(815301076,1909f56bfc062723c751e8b465ee728b)
Start importing Assets/Primer Tools/Director/Prefabs/arrow.prefab using Guid(536d865eddf8d50478e006f02b5285e3) Importer(815301076,1909f56bfc062723c751e8b465ee728b)  -> (artifact id: '6ac88a7306e8cf7dba2fa0e3022959a5') in 0.173657 seconds 
  Import took 0.176686 seconds .

========================================================================
Received Import Request.
  Time since last request: 0.000298 seconds.
  path: Assets/Primer Tools/Director/Prefabs/sphereBlob.prefab
  artifactKey: Guid(e1c631d6880248244ac8eeb7f56c1b5b) Importer(815301076,1909f56bfc062723c751e8b465ee728b)
Start importing Assets/Primer Tools/Director/Prefabs/sphereBlob.prefab using Guid(e1c631d6880248244ac8eeb7f56c1b5b) Importer(815301076,1909f56bfc062723c751e8b465ee728b)  -> (artifact id: '1f8bc3d5b4251949859d1da2435d4187') in 0.035131 seconds 
  Import took 0.036776 seconds .

========================================================================
Received Import Request.
  Time since last request: 0.000341 seconds.
  path: Assets/Primer Tools/Director/Prefabs/text.prefab
  artifactKey: Guid(79ae6e7c50ac07a449856337f5a67668) Importer(815301076,1909f56bfc062723c751e8b465ee728b)
Start importing Assets/Primer Tools/Director/Prefabs/text.prefab using Guid(79ae6e7c50ac07a449856337f5a67668) Importer(815301076,1909f56bfc062723c751e8b465ee728b)  -> (artifact id: '0d5dd12ac66064aba0b85554a17a530c') in 0.027552 seconds 
  Import took 0.029254 seconds .

========================================================================
Received Import Request.
  Time since last request: 0.000297 seconds.
  path: Assets/Primer Tools/Director/Prefabs/bracket.prefab
  artifactKey: Guid(08743f38a41ac874bb3fc0d96a758f4a) Importer(815301076,1909f56bfc062723c751e8b465ee728b)
Start importing Assets/Primer Tools/Director/Prefabs/bracket.prefab using Guid(08743f38a41ac874bb3fc0d96a758f4a) Importer(815301076,1909f56bfc062723c751e8b465ee728b)  -> (artifact id: '2305b892a86a0f2e808c2f2bd2ca39a3') in 0.003733 seconds 
  Import took 0.005404 seconds .

========================================================================
Received Import Request.
  Time since last request: 114.281001 seconds.
  path: Assets/Primer Tools/Director/Scripts/Helpers.cs
  artifactKey: Guid(37098dbac2bb16d42b525f8de4e53980) Importer(815301076,1909f56bfc062723c751e8b465ee728b)
Start importing Assets/Primer Tools/Director/Scripts/Helpers.cs using Guid(37098dbac2bb16d42b525f8de4e53980) Importer(815301076,1909f56bfc062723c751e8b465ee728b)  -> (artifact id: '0b9a55068b323ef5538f51a166fb516b') in 0.198342 seconds 
  Import took 0.200343 seconds .

========================================================================
Received Import Request.
  Time since last request: 9.107598 seconds.
  path: Assets/Primer Tools/Director/Scripts/PrimerObject.cs
  artifactKey: Guid(f656eb6eb82c8b9418866cf44bb1d5a9) Importer(815301076,1909f56bfc062723c751e8b465ee728b)
Start importing Assets/Primer Tools/Director/Scripts/PrimerObject.cs using Guid(f656eb6eb82c8b9418866cf44bb1d5a9) Importer(815301076,1909f56bfc062723c751e8b465ee728b)  -> (artifact id: 'a479145e2b31690ff5f20850feac8ada') in 0.002620 seconds 
  Import took 0.005212 seconds .

========================================================================
Received Import Request.
  Time since last request: 0.002831 seconds.
  path: Assets/Primer Tools/Director/Scripts/PrimerObject.cs
  artifactKey: Guid(f656eb6eb82c8b9418866cf44bb1d5a9) Importer(815301076,1909f56bfc062723c751e8b465ee728b)
Start importing Assets/Primer Tools/Director/Scripts/PrimerObject.cs using Guid(f656eb6eb82c8b9418866cf44bb1d5a9) Importer(815301076,1909f56bfc062723c751e8b465ee728b)  -> (artifact id: 'a479145e2b31690ff5f20850feac8ada') in 0.001022 seconds 
  Import took 0.003396 seconds .

========================================================================
Received Import Request.
  Time since last request: 16.344094 seconds.
  path: Assets/Primer Tools/Director/Scripts/PrimerText.cs
  artifactKey: Guid(551212f021c55934f9f6ebfe65a19725) Importer(815301076,1909f56bfc062723c751e8b465ee728b)
Start importing Assets/Primer Tools/Director/Scripts/PrimerText.cs using Guid(551212f021c55934f9f6ebfe65a19725) Importer(815301076,1909f56bfc062723c751e8b465ee728b)  -> (artifact id: '50a3c8266647ead84e507f78900750be') in 0.001446 seconds 
  Import took 0.004849 seconds .

========================================================================
Received Import Request.
  Time since last request: 0.009593 seconds.
  path: Assets/Primer Tools/Director/Scripts/PrimerText.cs
  artifactKey: Guid(551212f021c55934f9f6ebfe65a19725) Importer(815301076,1909f56bfc062723c751e8b465ee728b)
Start importing Assets/Primer Tools/Director/Scripts/PrimerText.cs using Guid(551212f021c55934f9f6ebfe65a19725) Importer(815301076,1909f56bfc062723c751e8b465ee728b)  -> (artifact id: '50a3c8266647ead84e507f78900750be') in 0.001351 seconds 
  Import took 0.004063 seconds .

========================================================================
Received Import Request.
  Time since last request: 6.914052 seconds.
  path: Assets/Primer Tools/Director/Scripts/PrimerBracket.cs
  artifactKey: Guid(cbb65f0cf9adcbc439bf27caca0497b8) Importer(815301076,1909f56bfc062723c751e8b465ee728b)
Start importing Assets/Primer Tools/Director/Scripts/PrimerBracket.cs using Guid(cbb65f0cf9adcbc439bf27caca0497b8) Importer(815301076,1909f56bfc062723c751e8b465ee728b)  -> (artifact id: 'c5ab0dae88730ff24393cb356cff41ec') in 0.001309 seconds 
  Import took 0.004111 seconds .

========================================================================
Received Import Request.
  Time since last request: 0.005845 seconds.
  path: Assets/Primer Tools/Director/Scripts/PrimerBracket.cs
  artifactKey: Guid(cbb65f0cf9adcbc439bf27caca0497b8) Importer(815301076,1909f56bfc062723c751e8b465ee728b)
Start importing Assets/Primer Tools/Director/Scripts/PrimerBracket.cs using Guid(cbb65f0cf9adcbc439bf27caca0497b8) Importer(815301076,1909f56bfc062723c751e8b465ee728b)  -> (artifact id: 'c5ab0dae88730ff24393cb356cff41ec') in 0.001131 seconds 
  Import took 0.003608 seconds .

========================================================================
Received Import Request.
  Time since last request: 1.194366 seconds.
  path: Assets/Primer Tools/Director/Scripts/PrimerArrow.cs
  artifactKey: Guid(2542a97b14272c94680464e2046c193a) Importer(815301076,1909f56bfc062723c751e8b465ee728b)
Start importing Assets/Primer Tools/Director/Scripts/PrimerArrow.cs using Guid(2542a97b14272c94680464e2046c193a) Importer(815301076,1909f56bfc062723c751e8b465ee728b)  -> (artifact id: '2e8943aea318b289ebadf6552eb0acba') in 0.001530 seconds 
  Import took 0.004950 seconds .

========================================================================
Received Import Request.
  Time since last request: 0.002589 seconds.
  path: Assets/Primer Tools/Director/Scripts/PrimerArrow.cs
  artifactKey: Guid(2542a97b14272c94680464e2046c193a) Importer(815301076,1909f56bfc062723c751e8b465ee728b)
Start importing Assets/Primer Tools/Director/Scripts/PrimerArrow.cs using Guid(2542a97b14272c94680464e2046c193a) Importer(815301076,1909f56bfc062723c751e8b465ee728b)  -> (artifact id: '2e8943aea318b289ebadf6552eb0acba') in 0.001141 seconds 
  Import took 0.003881 seconds .

========================================================================
Received Import Request.
  Time since last request: 1.526230 seconds.
  path: Assets/Primer Tools/Director/Scripts/Director.cs
  artifactKey: Guid(9bdc299e1b3a33a40be938faa3f021b8) Importer(815301076,1909f56bfc062723c751e8b465ee728b)
Start importing Assets/Primer Tools/Director/Scripts/Director.cs using Guid(9bdc299e1b3a33a40be938faa3f021b8) Importer(815301076,1909f56bfc062723c751e8b465ee728b)  -> (artifact id: 'f8aeeaeabf6d7bf73c877874c1a5790b') in 0.001506 seconds 
  Import took 0.004904 seconds .

========================================================================
Received Import Request.
  Time since last request: 0.005880 seconds.
  path: Assets/Primer Tools/Director/Scripts/Director.cs
  artifactKey: Guid(9bdc299e1b3a33a40be938faa3f021b8) Importer(815301076,1909f56bfc062723c751e8b465ee728b)
Start importing Assets/Primer Tools/Director/Scripts/Director.cs using Guid(9bdc299e1b3a33a40be938faa3f021b8) Importer(815301076,1909f56bfc062723c751e8b465ee728b)  -> (artifact id: 'f8aeeaeabf6d7bf73c877874c1a5790b') in 0.001255 seconds 
  Import took 0.004073 seconds .

========================================================================
Received Prepare
Registering precompiled user dll's ...
Registered in 0.003459 seconds.
Begin MonoManager ReloadAssembly
Native extension for OSXStandalone target not found
Refreshing native plugins compatible for Editor in 0.32 ms, found 4 plugins.
Preloading 0 native plugins for Editor in 0.00 ms.
Mono: successfully reloaded assembly
- Completed reload, in  1.805 seconds
Platform modules already initialized, skipping
Refreshing native plugins compatible for Editor in 0.30 ms, found 4 plugins.
Preloading 0 native plugins for Editor in 0.00 ms.
Unloading 1538 Unused Serialized files (Serialized files now loaded: 0)
System memory in use before: 160.5 MB.
System memory in use after: 160.6 MB.

Unloading 20 unused Assets to reduce memory usage. Loaded Objects now: 2040.
Total: 1.293250 ms (FindLiveObjects: 0.086667 ms CreateObjectMapping: 0.029042 ms MarkObjects: 1.141167 ms  DeleteObjects: 0.035500 ms)

AssetImportParameters requested are different than current active one (requested -> active):
  custom:video-decoder-ogg-theora: a1e56fd34408186e4bbccfd4996cb3dc -> 
  custom:container-muxer-webm: aa71ff27fc2769a1b78a27578f13a17b -> 
  custom:container-demuxer-webm: 4f35f7cbe854078d1ac9338744f61a02 -> 
  custom:container-demuxer-ogg: 62fdf1f143b41e24485cea50d1cbac27 -> 
  custom:video-encoder-webm-vp8: eb34c28f22e8b96e1ab97ce403110664 -> 
  custom:framework-osx-AVFoundation: e770b220cccbd017edd2c1fefb359320 -> 
  custom:video-decoder-webm-vp8: 9c59270c3fd7afecdb556c50c9e8de78 -> 
  custom:audio-decoder-ogg-vorbis: bf7c407c2cedff20999df2af8eb42d56 -> 
  custom:audio-encoder-webm-vorbis: bf7c407c2cedff20999df2af8eb42d56 -> 
